<?xml version="1.0" encoding="UTF-8"?>
<!-- Generated by org.testng.reporters.JUnitReportReporter -->
<testsuite skipped="0" hostname="DESKTOP-JNMTI8C" name="com.wbl.testcases22.TestReverse" tests="4" failures="0" timestamp="08 Jun 2019 01:55:07 GMT" time="0.015" errors="0">
  <testcase name="testText" time="0.000" classname="com.wbl.testcases22.TestReverse"/>
  <testcase name="digitsZero" time="0.000" classname="com.wbl.testcases22.TestReverse"/>
  <testcase name="digits" time="0.015" classname="com.wbl.testcases22.TestReverse"/>
  <testcase name="test" time="0.000" classname="com.wbl.testcases22.TestReverse"/>
</testsuite> <!-- com.wbl.testcases22.TestReverse -->
