<?xml version="1.0" encoding="UTF-8"?>
<!-- Generated by org.testng.reporters.JUnitReportReporter -->
<testsuite skipped="0" hostname="DESKTOP-JNMTI8C" name="com.wbl.testcases22.TestFactorial" tests="3" failures="0" timestamp="08 Jun 2019 01:44:27 GMT" time="0.015" errors="0">
  <testcase name="testPositive" time="0.000" classname="com.wbl.testcases22.TestFactorial"/>
  <testcase name="testNegative" time="0.015" classname="com.wbl.testcases22.TestFactorial"/>
  <testcase name="testZero" time="0.000" classname="com.wbl.testcases22.TestFactorial"/>
</testsuite> <!-- com.wbl.testcases22.TestFactorial -->
