<?xml version="1.0" encoding="UTF-8"?>
<!-- Generated by org.testng.reporters.JUnitReportReporter -->
<testsuite skipped="0" hostname="DESKTOP-JNMTI8C" name="com.wbl.testcases22.TestCompareArray" tests="3" failures="0" timestamp="08 Jun 2019 02:02:28 GMT" time="0.016" errors="0">
  <testcase name="sameValues" time="0.000" classname="com.wbl.testcases22.TestCompareArray"/>
  <testcase name="differentValues" time="0.016" classname="com.wbl.testcases22.TestCompareArray"/>
  <testcase name="testDiffLen" time="0.000" classname="com.wbl.testcases22.TestCompareArray"/>
</testsuite> <!-- com.wbl.testcases22.TestCompareArray -->
