<?xml version="1.0" encoding="UTF-8"?>
<!-- Generated by org.testng.reporters.JUnitReportReporter -->
<testsuite skipped="0" hostname="DESKTOP-JNMTI8C" name="com.wbl.testcases22.TestReverseNum" tests="4" failures="0" timestamp="08 Jun 2019 01:48:36 GMT" time="0.016" errors="0">
  <testcase name="zero" time="0.000" classname="com.wbl.testcases22.TestReverseNum"/>
  <testcase name="firstZero" time="0.000" classname="com.wbl.testcases22.TestReverseNum"/>
  <testcase name="LastZero" time="0.016" classname="com.wbl.testcases22.TestReverseNum"/>
  <testcase name="fourDigit" time="0.000" classname="com.wbl.testcases22.TestReverseNum"/>
</testsuite> <!-- com.wbl.testcases22.TestReverseNum -->
