<?xml version="1.0" encoding="UTF-8"?>
<!-- Generated by org.testng.reporters.JUnitReportReporter -->
<testsuite skipped="0" hostname="DESKTOP-JNMTI8C" name="com.wbl.testcases22.TestSwap" tests="3" failures="0" timestamp="08 Jun 2019 01:47:01 GMT" time="0.016" errors="0">
  <testcase name="negPosNum" time="0.000" classname="com.wbl.testcases22.TestSwap"/>
  <testcase name="negNum" time="0.016" classname="com.wbl.testcases22.TestSwap"/>
  <testcase name="posNum" time="0.000" classname="com.wbl.testcases22.TestSwap"/>
</testsuite> <!-- com.wbl.testcases22.TestSwap -->
