<?xml version="1.0" encoding="UTF-8"?>
<!-- Generated by org.testng.reporters.JUnitReportReporter -->
<testsuite skipped="0" hostname="DESKTOP-JNMTI8C" name="com.wbl.testcases22.TestPrime" tests="3" failures="0" timestamp="08 Jun 2019 01:11:38 GMT" time="0.014" errors="0">
  <testcase name="TwoDigitPrime" time="0.001" classname="com.wbl.testcases22.TestPrime"/>
  <testcase name="ThreeDigitPrime" time="0.012" classname="com.wbl.testcases22.TestPrime"/>
  <testcase name="Zero" time="0.001" classname="com.wbl.testcases22.TestPrime"/>
</testsuite> <!-- com.wbl.testcases22.TestPrime -->
